[00:05:25] [Server thread/INFO]: [[MOD]chefcito10743 (ㆆ_ㆆ) : Summoned new Lightning Bolt]
[00:05:46] [Server thread/INFO]: [[MOD]chefcito10743 (ㆆ_ㆆ) : Summoned new Lightning Bolt]
[00:05:50] [Server thread/INFO]: [[MOD]chefcito10743 (ㆆ_ㆆ) : Summoned new Lightning Bolt]
[00:05:51] [Server thread/INFO]: [[MOD]chefcito10743 (ㆆ_ㆆ) : Summoned new Lightning Bolt]
[00:05:52] [Server thread/INFO]: [[MOD]chefcito10743 (ㆆ_ㆆ) : Summoned new Lightning Bolt]
[00:05:58] [Server thread/INFO]: [Not Secure] <[MIEMBRO]RAKTERGB (ɔ◔‿◔)ɔ ♥ > chefcito10743
[00:05:58] [Server thread/INFO]: [Not Secure] <[MIEMBRO]GomitaDeCereza (ɔ◔‿◔)ɔ ♥ > dormir momento
[00:06:12] [Server thread/INFO]: [Not Secure] [[MOD]chefcito10743 (ㆆ_ㆆ) ] no
[00:06:15] [Server thread/INFO]: [Not Secure] <[MIEMBRO]RAKTERGB (ɔ◔‿◔)ɔ ♥ > chefcito10743
[00:06:26] [Server thread/INFO]: [Not Secure] <[MIEMBRO]GomitaDeCereza (ɔ◔‿◔)ɔ ♥ > 3l 1 no eu34m3 3w dat
[00:06:27] [Server thread/INFO]: [[MOD]chefcito10743 (ㆆ_ㆆ) : Set the time to 1000]
[00:07:13] [Server thread/INFO]: Unknown or incomplete command, see below for error
[00:07:13] [Server thread/INFO]: /say probando<--[HERE]
[00:07:23] [Server thread/INFO]: [Not Secure] [Server] probando
[00:07:52] [Server thread/INFO]: GomitaDeCereza lost connection: Disconnected
[00:07:52] [Server thread/INFO]: [MIEMBRO]GomitaDeCereza (ɔ◔‿◔)ɔ ♥  left the game
[00:08:45] [Server thread/INFO]: [MIEMBRO]Mbip71 (ɔ◔‿◔)ɔ ♥  has made the advancement [A Seedy Place]
[00:09:44] [Server thread/INFO]: RAKTERGB lost connection: Timed out
[00:09:44] [Server thread/INFO]: [MIEMBRO]RAKTERGB (ɔ◔‿◔)ɔ ♥  left the game
[00:09:45] [Server thread/WARN]: handleDisconnection() called twice
[00:09:52] [Server thread/INFO]: Mbip71 lost connection: Timed out
[00:09:52] [Server thread/INFO]: [MIEMBRO]Mbip71 (ɔ◔‿◔)ɔ ♥  left the game
[00:09:55] [Server thread/INFO]: chefcito10743 lost connection: Timed out
[00:09:55] [Server thread/INFO]: [MOD]chefcito10743 (ㆆ_ㆆ)  left the game
[00:09:56] [Server thread/INFO]: C_Ariz lost connection: Timed out
[00:09:56] [Server thread/INFO]: [MIEMBRO]C_Ariz (ɔ◔‿◔)ɔ ♥  left the game
[00:10:30] [Server thread/INFO]: chefcito10743 (/127.75.167.32:51369) lost connection: Disconnected
[00:10:34] [Server thread/INFO]: C_Ariz (/127.40.30.79:37435) lost connection: Disconnected
[00:10:41] [Server thread/INFO]: RAKTERGB (/127.160.132.181:39341) lost connection: Disconnected
[00:11:03] [Server thread/INFO]: C_Ariz (/127.40.30.79:55139) lost connection: Disconnected
